17:50:21 **** Build of configuration Debug for project lpcxpresso55s69_hello_world_5569 ****
make -r -j8 all 
Building file: ../utilities/fsl_assert.c
Building file: ../utilities/fsl_debug_console.c
Building file: ../utilities/fsl_memcpy.S
Invoking: MCU C Compiler
Invoking: MCU C Compiler
Building file: ../utilities/fsl_str.c
arm-none-eabi-gcc -std=gnu99 -D__REDLIB__ -DCPU_LPC55S69JBD100 -DCPU_LPC55S69JBD100_cm33 -DCPU_LPC55S69JBD100_cm33_core0 -DMCUXPRESSO_SDK -DSDK_DEBUGCONSOLE=0 -DCR_INTEGER_PRINTF -DPRINTF_FLOAT_ENABLE=0 -D__MCUXPRESSO -D__USE_CMSIS -DDEBUG -I"C:\Users\PHANESHWWAR\Documents\MCUXpressoIDE_11.10.0_3148\workspace\lpcxpresso55s69_hello_world_5569\source" -I"C:\Users\PHANESHWWAR\Documents\MCUXpressoIDE_11.10.0_3148\workspace\lpcxpresso55s69_hello_world_5569\utilities" -I"C:\Users\PHANESHWWAR\Documents\MCUXpressoIDE_11.10.0_3148\workspace\lpcxpresso55s69_hello_world_5569\drivers" -I"C:\Users\PHANESHWWAR\Documents\MCUXpressoIDE_11.10.0_3148\workspace\lpcxpresso55s69_hello_world_5569\device" -I"C:\Users\PHANESHWWAR\Documents\MCUXpressoIDE_11.10.0_3148\workspace\lpcxpresso55s69_hello_world_5569\startup" -I"C:\Users\PHANESHWWAR\Documents\MCUXpressoIDE_11.10.0_3148\workspace\lpcxpresso55s69_hello_world_5569\component\uart" -I"C:\Users\PHANESHWWAR\Documents\MCUXpressoIDE_11.10.0_3148\workspace\lpcxpresso55s69_hello_world_5569\component\lists" -I"C:\Users\PHANESHWWAR\Documents\MCUXpressoIDE_11.10.0_3148\workspace\lpcxpresso55s69_hello_world_5569\CMSIS" -I"C:\Users\PHANESHWWAR\Documents\MCUXpressoIDE_11.10.0_3148\workspace\lpcxpresso55s69_hello_world_5569\board" -O0 -fno-common -g3 -gdwarf-4 -mcpu=cortex-m33 -c -ffunction-sections -fdata-sections -fno-builtin -fmerge-constants -fmacro-prefix-map="../utilities/"= -mcpu=cortex-m33 -mfpu=fpv5-sp-d16 -mfloat-abi=hard -mthumb -D__REDLIB__ -fstack-usage -specs=redlib.specs -MMD -MP -MF"utilities/fsl_assert.d" -MT"utilities/fsl_assert.o" -MT"utilities/fsl_assert.d" -o "utilities/fsl_assert.o" "../utilities/fsl_assert.c"
arm-none-eabi-gcc -std=gnu99 -D__REDLIB__ -DCPU_LPC55S69JBD100 -DCPU_LPC55S69JBD100_cm33 -DCPU_LPC55S69JBD100_cm33_core0 -DMCUXPRESSO_SDK -DSDK_DEBUGCONSOLE=0 -DCR_INTEGER_PRINTF -DPRINTF_FLOAT_ENABLE=0 -D__MCUXPRESSO -D__USE_CMSIS -DDEBUG -I"C:\Users\PHANESHWWAR\Documents\MCUXpressoIDE_11.10.0_3148\workspace\lpcxpresso55s69_hello_world_5569\source" -I"C:\Users\PHANESHWWAR\Documents\MCUXpressoIDE_11.10.0_3148\workspace\lpcxpresso55s69_hello_world_5569\utilities" -I"C:\Users\PHANESHWWAR\Documents\MCUXpressoIDE_11.10.0_3148\workspace\lpcxpresso55s69_hello_world_5569\drivers" -I"C:\Users\PHANESHWWAR\Documents\MCUXpressoIDE_11.10.0_3148\workspace\lpcxpresso55s69_hello_world_5569\device" -I"C:\Users\PHANESHWWAR\Documents\MCUXpressoIDE_11.10.0_3148\workspace\lpcxpresso55s69_hello_world_5569\startup" -I"C:\Users\PHANESHWWAR\Documents\MCUXpressoIDE_11.10.0_3148\workspace\lpcxpresso55s69_hello_world_5569\component\uart" -I"C:\Users\PHANESHWWAR\Documents\MCUXpressoIDE_11.10.0_3148\workspace\lpcxpresso55s69_hello_world_5569\component\lists" -I"C:\Users\PHANESHWWAR\Documents\MCUXpressoIDE_11.10.0_3148\workspace\lpcxpresso55s69_hello_world_5569\CMSIS" -I"C:\Users\PHANESHWWAR\Documents\MCUXpressoIDE_11.10.0_3148\workspace\lpcxpresso55s69_hello_world_5569\board" -O0 -fno-common -g3 -gdwarf-4 -mcpu=cortex-m33 -c -ffunction-sections -fdata-sections -fno-builtin -fmerge-constants -fmacro-prefix-map="../utilities/"= -mcpu=cortex-m33 -mfpu=fpv5-sp-d16 -mfloat-abi=hard -mthumb -D__REDLIB__ -fstack-usage -specs=redlib.specs -MMD -MPInvoking: MCU Assembler
 -MF"utilities/fsl_debug_console.d" -MT"utilities/fsl_debug_console.o" -MT"utilities/fsl_debug_console.d" -o "utilities/fsl_debug_console.o" "../utilities/fsl_debug_console.c"
arm-none-eabi-gcc -c -x assembler-with-cpp -D__REDLIB__ -I"C:\Users\PHANESHWWAR\Documents\MCUXpressoIDE_11.10.0_3148\workspace\lpcxpresso55s69_hello_world_5569\source" -g3 -gdwarf-4 -mcpu=cortex-m33 -mfpu=fpv5-sp-d16 -mfloat-abi=hard -mthumb -D__REDLIB__ -specs=redlib.specs -o "utilities/fsl_memcpy.o" "../utilities/fsl_memcpy.S"
Invoking: MCU C Compiler
arm-none-eabi-gcc -std=gnu99 -D__REDLIB__ -DCPU_LPC55S69JBD100 -DCPU_LPC55S69JBD100_cm33 -DCPU_LPC55S69JBD100_cm33_core0 -DMCUXPRESSO_SDK -DSDK_DEBUGCONSOLE=0 -DCR_INTEGER_PRINTF -DPRINTF_FLOAT_ENABLE=0 -D__MCUXPRESSO -D__USE_CMSIS -DDEBUG -I"C:\Users\PHANESHWWAR\Documents\MCUXpressoIDE_11.10.0_3148\workspace\lpcxpresso55s69_hello_world_5569\source" -I"C:\Users\PHANESHWWAR\Documents\MCUXpressoIDE_11.10.0_3148\workspace\lpcxpresso55s69_hello_world_5569\utilities" -I"C:\Users\PHANESHWWAR\Documents\MCUXpressoIDE_11.10.0_3148\workspace\lpcxpresso55s69_hello_world_5569\drivers" -I"C:\Users\PHANESHWWAR\Documents\MCUXpressoIDE_11.10.0_3148\workspace\lpcxpresso55s69_hello_world_5569\device" -I"C:\Users\PHANESHWWAR\Documents\MCUXpressoIDE_11.10.0_3148\workspace\lpcxpresso55s69_hello_world_5569\startup" -I"C:\Users\PHANESHWWAR\Documents\MCUXpressoIDE_11.10.0_3148\workspace\lpcxpresso55s69_hello_world_5569\component\uart" -I"C:\Users\PHANESHWWAR\Documents\MCUXpressoIDE_11.10.0_3148\workspace\lpcxpresso55s69_hello_world_5569\component\lists" -I"C:\Users\PHANESHWWAR\Documents\MCUXpressoIDE_11.10.0_3148\workspace\lpcxpresso55s69_hello_world_5569\CMSIS" -I"C:\Users\PHANESHWWAR\Documents\MCUXpressoIDE_11.10.0_3148\workspace\lpcxpresso55s69_hello_world_5569\board" -O0 -fno-common -g3 -gdwarf-4 -mcpu=cortex-m33 -c -ffunction-sections -fdata-sections -fno-builtin -fmerge-constants -fmacro-prefix-map="../utilities/"= -mcpu=cortex-m33 -mfpu=fpv5-sp-d16 -mfloat-abi=hard -mthumb -D__REDLIB__ -fstack-usage -specs=redlib.specs -MMD -MP -MF"utilities/fsl_str.d" -MT"utilities/fsl_str.o" -MT"utilities/fsl_str.d" -o "utilities/fsl_str.o" "../utilities/fsl_str.c"
Building file: ../startup/boot_multicore_slave.c
Building file: ../startup/startup_lpc55s69_cm33_core0.c
Building file: ../source/hello_world.c
Building file: ../source/semihost_hardfault.c
Invoking: MCU C Compiler
Invoking: MCU C Compiler
arm-none-eabi-gcc -std=gnu99 -D__REDLIB__ -DCPU_LPC55S69JBD100 -DCPU_LPC55S69JBD100_cm33 -DCPU_LPC55S69JBD100_cm33_core0 -DMCUXPRESSO_SDK -DSDK_DEBUGCONSOLE=0 -DCR_INTEGER_PRINTF -DPRINTF_FLOAT_ENABLE=0 -D__MCUXPRESSO -D__USE_CMSIS -DDEBUG -I"C:\Users\PHANESHWWAR\Documents\MCUXpressoIDE_11.10.0_3148\workspace\lpcxpresso55s69_hello_world_5569\source" -I"C:\Users\PHANESHWWAR\Documents\MCUXpressoIDE_11.10.0_3148\workspace\lpcxpresso55s69_hello_world_5569\utilities" -I"C:\Users\PHANESHWWAR\Documents\MCUXpressoIDE_11.10.0_3148\workspace\lpcxpresso55s69_hello_world_5569\drivers" -I"C:\Users\PHANESHWWAR\Documents\MCUXpressoIDE_11.10.0_3148\workspace\lpcxpresso55s69_hello_world_5569\device" -I"C:\Users\PHANESHWWAR\Documents\MCUXpressoIDE_11.10.0_3148\workspace\lpcxpresso55s69_hello_world_5569\startup" -I"C:\Users\PHANESHWWAR\Documents\MCUXpressoIDE_11.10.0_3148\workspace\lpcxpresso55s69_hello_world_5569\component\uart" -I"C:\Users\PHANESHWWAR\Documents\MCUXpressoIDE_11.10.0_3148\workspace\lpcxpresso55s69_hello_world_5569\component\lists" -I"C:\Users\PHANESHWWAR\Documents\MCUXpressoIDE_11.10.0_3148\workspace\lpcxpresso55s69_hello_world_5569\CMSIS" -I"C:\Users\PHANESHWWAR\Documents\MCUXpressoIDE_11.10.0_3148\workspace\lpcxpresso55s69_hello_world_5569\board" -O0 -fno-common -g3 -gdwarf-4 -mcpu=cortex-m33 -c -ffunction-sections -fdata-sections -fno-builtin -fmerge-constants -fmacro-prefix-map="../startup/"= -mcpu=cortex-m33 -mfpu=fpv5-sp-d16 -mfloat-abi=hard -mthumb -D__REDLIB__ -fstack-usage -specs=redlib.specs -MMD -MP -MF"startup/boot_multicore_slave.d" -MT"startup/boot_multicore_slave.o" -MT"startup/boot_multicore_slave.d" -o "startup/boot_multicore_slave.o" "../startup/boot_multicore_slave.c"
arm-none-eabi-gcc -std=gnu99 -D__REDLIB__ -DCPU_LPC55S69JBD100 -DCPU_LPC55S69JBD100_cm33 -DCPU_LPC55S69JBD100_cm33_core0 -DMCUXPRESSO_SDK -DSDK_DEBUGCONSOLE=0 -DCR_INTEGER_PRINTF -DPRINTF_FLOAT_ENABLE=0 -D__MCUXPRESSO -D__USE_CMSIS -DDEBUG -I"C:\Users\PHANESHWWAR\Documents\MCUXpressoIDE_11.10.0_3148\workspace\lpcxpresso55s69_hello_world_5569\source" -I"C:\Users\PHANESHWWAR\Documents\MCUXpressoIDE_11.10.0_3148\workspace\lpcxpresso55s69_hello_world_5569\utilities" -I"C:\Users\PHANESHWWAR\Documents\MCUXpressoIDE_11.10.0_3148\workspace\lpcxpresso55s69_hello_world_5569\drivers" -I"C:\Users\PHANESHWWAR\Documents\MCUXpressoIDE_11.10.0_3148\workspace\lpcxpresso55s69_hello_world_5569\device" -I"C:\Users\PHANESHWWAR\Documents\MCUXpressoIDE_11.10.0_3148\workspace\lpcxpresso55s69_hello_world_5569\startup" -I"C:\Users\PHANESHWWAR\Documents\MCUXpressoIDE_11.10.0_3148\workspace\lpcxpresso55s69_hello_world_5569\component\uart" -I"C:\Users\PHANESHWWAR\Documents\MCUXpressoIDE_11.10.0_3148\workspace\lpcxpresso55s69_hello_world_5569\component\lists" -I"C:\Users\PHANESHWWAR\Documents\MCUXpressoIDE_11.10.0_3148\workspace\lpcxpresso55s69_hello_world_5569\CMSIS" -I"C:\Users\PHANESHWWAR\Documents\MCUXpressoIDE_11.10.0_3148\workspace\lpcxpresso55s69_hello_world_5569\board" -O0 -fno-common -g3 -gdwarf-4 -mcpu=cortex-m33 -c -ffunction-sections -fdata-sections -fno-builtin -fmerge-constants -fmacro-prefix-map="../startup/"= -mcpu=cortex-m33 -mfpu=fpv5-sp-d16 -mfloat-abi=hard -mthumb -D__REDLIB__ -fstack-usage -specs=redlib.specs -MMD -MP -MF"startup/startup_lpc55s69_cm33_core0.d" -MT"startup/startup_lpc55s69_cm33_core0.o" -MT"startup/startup_lpc55s69_cm33_core0.d" -o "startup/startup_lpc55s69_cm33_core0.o" "../startup/startup_lpc55s69_cm33_core0.c"
Invoking: MCU C Compiler
make[1]: *** [source/subdir.mk:23: source/semihost_hardfault.o] Error 141
make[1]: *** Waiting for unfinished jobs....
make[1]: *** [utilities/subdir.mk:38: utilities/fsl_memcpy.o] Error 141
make[1]: *** [startup/subdir.mk:24: startup/boot_multicore_slave.o] Error 141
make[1]: *** [startup/subdir.mk:24: startup/startup_lpc55s69_cm33_core0.o] Error 141
make[1]: *** [utilities/subdir.mk:31: utilities/fsl_debug_console.o] Error 141
make[1]: *** [utilities/subdir.mk:31: utilities/fsl_assert.o] Error 141
make[1]: *** [utilities/subdir.mk:31: utilities/fsl_str.o] Error 141
make[1]: *** [source/subdir.mk:24: source/hello_world.o] Error 141
make[1]: write error: stdout
make: *** [makefile:42: all] Error 1
"make -r -j8 all" terminated with exit code 2. Build might be incomplete.

17:50:22 Build Failed. 10 errors, 0 warnings. (took 1s.77ms)

