17:50:36 **** Build of configuration Debug for project lpcxpresso55s69_shell_EXP ****
make -r -j8 all 
Building file: ../utilities/fsl_assert.c
Building file: ../utilities/fsl_debug_console.c
Building file: ../utilities/fsl_memcpy.S
Building file: ../utilities/fsl_shell.c
Invoking: MCU C Compiler
Invoking: MCU C Compiler
Invoking: MCU Assembler
arm-none-eabi-gcc -std=gnu99 -D__REDLIB__ -DCPU_LPC55S69JBD100_cm33_core0 -DMCUXPRESSO_SDK -DDEBUG_CONSOLE_RX_ENABLE=0 -DSERIAL_PORT_TYPE_UART=1 -DCPU_LPC55S69JBD100 -DCPU_LPC55S69JBD100_cm33 -DSDK_DEBUGCONSOLE=1 -DCR_INTEGER_PRINTF -D__MCUXPRESSO -D__USE_CMSIS -DDEBUG -I"C:\Users\PHANESHWWAR\Documents\MCUXpressoIDE_11.10.0_3148\workspace\lpcxpresso55s69_shell_EXP\source" -I"C:\Users\PHANESHWWAR\Documents\MCUXpressoIDE_11.10.0_3148\workspace\lpcxpresso55s69_shell_EXP\utilities" -I"C:\Users\PHANESHWWAR\Documents\MCUXpressoIDE_11.10.0_3148\workspace\lpcxpresso55s69_shell_EXP\drivers" -I"C:\Users\PHANESHWWAR\Documents\MCUXpressoIDE_11.10.0_3148\workspace\lpcxpresso55s69_shell_EXP\device" -I"C:\Users\PHANESHWWAR\Documents\MCUXpressoIDE_11.10.0_3148\workspace\lpcxpresso55s69_shell_EXP\startup" -I"C:\Users\PHANESHWWAR\Documents\MCUXpressoIDE_11.10.0_3148\workspace\lpcxpresso55s69_shell_EXP\component\uart" -I"C:\Users\PHANESHWWAR\Documents\MCUXpressoIDE_11.10.0_3148\workspace\lpcxpresso55s69_shell_EXP\component\serial_manager" -I"C:\Users\PHANESHWWAR\Documents\MCUXpressoIDE_11.10.0_3148\workspace\lpcxpresso55s69_shell_EXP\component\lists" -I"C:\Users\PHANESHWWAR\Documents\MCUXpressoIDE_11.10.0_3148\workspace\lpcxpresso55s69_shell_EXP\CMSIS" -I"C:\Users\PHANESHWWAR\Documents\MCUXpressoIDE_11.10.0_3148\workspace\lpcxpresso55s69_shell_EXP\board" -O0 -fno-common -g3 -gdwarf-4 -mcpu=cortex-m33 -c -ffunction-sections -fdata-sections -fno-builtin -fmerge-constants -fmacro-prefix-map="../utilities/"= -mcpu=cortex-m33 -mfpu=fpv5-sp-d16 -mfloat-abi=hard -mthumb -D__REDLIB__ -fstack-usage -specs=redlib.specs -MMD -MP -MF"utilities/fsl_assert.d" -MT"utilities/fsl_assert.o" -MT"utilities/fsl_assert.d" -o "utilities/fsl_assert.o" "../utilities/fsl_assert.c"
Building file: ../utilities/fsl_str.c
arm-none-eabi-gcc -std=gnu99 -D__REDLIB__ -DCPU_LPC55S69JBD100_cm33_core0 -DMCUXPRESSO_SDK -DDEBUG_CONSOLE_RX_ENABLE=0 -DSERIAL_PORT_TYPE_UART=1 -DCPU_LPC55S69JBD100 -DCPU_LPC55S69JBD100_cm33 -DSDK_DEBUGCONSOLE=1 -DCR_INTEGER_PRINTF -D__MCUXPRESSO -D__USE_CMSIS -DDEBUG -I"C:\Users\PHANESHWWAR\Documents\MCUXpressoIDE_11.10.0_3148\workspace\lpcxpresso55s69_shell_EXP\source" -I"C:\Users\PHANESHWWAR\Documents\MCUXpressoIDE_11.10.0_3148\workspace\lpcxpresso55s69_shell_EXP\utilities" -I"C:\Users\PHANESHWWAR\Documents\MCUXpressoIDE_11.10.0_3148\workspace\lpcxpresso55s69_shell_EXP\drivers" -I"C:\Users\PHANESHWWAR\Documents\MCUXpressoIDE_11.10.0_3148\workspace\lpcxpresso55s69_shell_EXP\device" -I"C:\Users\PHANESHWWAR\Documents\MCUXpressoIDE_11.10.0_3148\workspace\lpcxpresso55s69_shell_EXP\startup" -I"C:\Users\PHANESHWWAR\Documents\MCUXpressoIDE_11.10.0_3148\workspace\lpcxpresso55s69_shell_EXP\component\uart" -I"C:\Users\PHANESHWWAR\Documents\MCUXpressoIDE_11.10.0_3148\workspace\lpcxpresso55s69_shell_EXP\component\serial_manager" -I"C:\Users\PHANESHWWAR\Documents\MCUXpressoIDE_11.10.0_3148\workspace\lpcxpresso55s69_shell_EXP\component\lists" -I"C:\Users\PHANESHWWAR\Documents\MCUXpressoIDE_11.10.0_3148\workspace\lpcxpresso55s69_shell_EXP\CMSIS" -I"C:\Users\PHANESHWWAR\Documents\MCUXpressoIDE_11.10.0_3148\workspace\lpcxpresso55s69_shell_EXP\board" -O0 -fno-common -g3 -gdwarf-4 -mcpu=cortex-m33 -c -ffunction-sections -fdata-sections -fno-builtin -fmerge-constants -fmacro-prefix-map="../utilities/"= -mcpu=cortex-m33 -mfpu=fpInvoking: MCU C Compiler
v5-sp-d16 -mfloat-abi=hard -mthumb -D__REDLIB__ -fstack-usage -specs=redlib.specs -MMD -MP -MF"utilities/fsl_debug_console.d" -MT"utilities/fsl_debug_console.o" -MT"utilities/fsl_debug_console.d" -o "utilities/fsl_debug_console.o" "../utilities/fsl_debug_console.c"
arm-none-eabi-gcc -c -x assembler-with-cpp -D__REDLIB__ -I"C:\Users\PHANESHWWAR\Documents\MCUXpressoIDE_11.10.0_3148\workspace\lpcxpresso55s69_shell_EXP\source" -g3 -gdwarf-4 -mcpu=cortex-m33 -mfpu=fpv5-sp-d16 -mfloat-abi=hard -mthumb -D__REDLIB__ -specs=redlib.specs -o "utilities/fsl_memcpy.o" "../utilities/fsl_memcpy.S"
arm-none-eabi-gcc -std=gnu99 -D__REDLIB__ -DCPU_LPC55S69JBD100_cm33_core0 -DMCUXPRESSO_SDK -DDEBUG_CONSOLE_RX_ENABLE=0 -DSERIAL_PORT_TYPE_UART=1 -DCPU_LPC55S69JBD100 -DCPU_LPC55S69JBD100_cm33 -DSDK_DEBUGCONSOLE=1 -DCR_INTEGER_PRINTF -D__MCUXPRESSO -D__USE_CMSIS -DDEBUG -I"C:\Users\PHANESHWWAR\Documents\MCUXpressoIDE_11.10.0_3148\workspace\lpcxpresso55s69_shell_EXP\source" -I"C:\Users\PHANESHWWAR\Documents\MCUXpressoIDE_11.10.0_3148\workspace\lpcxpresso55s69_shell_EXP\utilities" -I"C:\Users\PHANESHWWAR\Documents\MCUXpressoIDE_11.10.0_3148\workspace\lpcxpresso55s69_shell_EXP\drivers" -I"C:\Users\PHANESHWWAR\Documents\MCUXpressoIDE_11.10.0_3148\workspace\lpcxpresso55s69_shell_EXP\device" -I"C:\Users\PHANESHWWAR\Documents\MCUXpressoIDE_11.10.0_3148\workspace\lpcxpresso55s69_shell_EXP\startup" -I"C:\Users\PHANESHWWAR\Documents\MCUXpressoIDE_11.10.0_3148\workspace\lpcxpresso55s69_shell_EXP\component\uart" -I"C:\Users\PHANESHWWAR\Documents\MCUXpressoIDE_11.10.0_3148\workspace\lpcxpresso55s69_shell_EXP\component\serial_manager" -I"C:\Users\PHANESHWWAR\Documents\MCUXpressoIDE_11.10.0_3148\workspace\lpcxpresso55s69_shell_EXP\component\lists" -I"C:\Users\PHANESHWWAR\Documents\MCUXpressoIDE_11.10.0_3148\workspace\lpcxpresso55s69_shell_EXP\CMSIS" -I"C:\Users\PHANESHWWAR\Documents\MCUXpressoIDE_11.10.0_3148\workspace\lpcxpresso55s69_shell_EXP\board" -O0 -fno-common -g3 -gdwarf-4 -mcpu=cortex-m33 -c -ffunction-sections -fdata-sections -fno-builtin -fmerge-constants -fmacro-prefix-map="../utilities/"= -mcpu=cortex-m33 -mfpu=fpv5-sp-d16 -mfloat-abi=hard -mthumb -D__REDLIB__ -fstack-usage -specs=redlib.specs -MMD -MP -MF"utilities/fsl_shell.d" -MT"utilities/fsl_shell.o" -MT"utilities/fsl_shell.d" -o "utilities/fsl_shell.o" "../utilities/fsl_shell.c"
make[1]: *** [utilities/subdir.mk:33: utilities/fsl_str.o] Error 141
make[1]: *** Waiting for unfinished jobs....
make[1]: *** [startup/subdir.mk:21: startup/boot_multicore_slave.o] Error 141
make[1]: *** [utilities/subdir.mk:41: utilities/fsl_memcpy.o] Error 141
make[1]: *** [utilities/subdir.mk:34: utilities/fsl_assert.o] Error 141
make[1]: *** [utilities/subdir.mk:34: utilities/fsl_debug_console.o] Error 141
make[1]: *** [utilities/subdir.mk:34: utilities/fsl_shell.o] Error 141
make: *** [makefile:43: all] Error 2
"make -r -j8 all" terminated with exit code 2. Build might be incomplete.

17:50:37 Build Failed. 8 errors, 0 warnings. (took 1s.350ms)

