17:50:23 **** Build of configuration Debug for project lpcxpresso55s69_hello_world_swo_EXP ****
make -r -j8 all 
Building file: ../utilities/fsl_assert.c
Building file: ../utilities/fsl_debug_console.c
Building file: ../utilities/fsl_memcpy.S
Building file: ../utilities/fsl_str.c
Building file: ../startup/boot_multicore_slave.c
Invoking: MCU C Compiler
Building file: ../startup/startup_lpc55s69_cm33_core0.c
Invoking: MCU C Compiler
Building file: ../source/hello_world_swo.c
make[1]: *** [utilities/subdir.mk:36: utilities/fsl_memcpy.o] Error 141
make[1]: *** Waiting for unfinished jobs....
make[1]: *** [utilities/subdir.mk:30: utilities/fsl_str.o] Error 141
make[1]: *** [startup/subdir.mk:22: startup/boot_multicore_slave.o] Error 141
make[1]: *** [startup/subdir.mk:22: startup/startup_lpc55s69_cm33_core0.o] Error 141
make[1]: *** [source/subdir.mk:22: source/hello_world_swo.o] Error 141
make[1]: *** [utilities/subdir.mk:31: utilities/fsl_assert.o] Error 141
make[1]: *** [utilities/subdir.mk:31: utilities/fsl_debug_console.o] Error 141
make[1]: write error: stdout
make: *** [makefile:43: all] Error 1
"make -r -j8 all" terminated with exit code 2. Build might be incomplete.

17:50:24 Build Failed. 9 errors, 0 warnings. (took 823ms)

